INFO: [aiecompiler 77-3355] ###[Start]: Reading in platform specification from /usr/xilinx/Vitis/2023.2/base_platforms/xilinx_vck190_base_202320_1/xilinx_vck190_base_202320_1.xpfm
INFO: [aiecompiler 55-2099] Unable to extract 'pdi_files' from /usr/xilinx/Vitis/2023.2/base_platforms/xilinx_vck190_base_202320_1/hw/hw.xsa to /usr/xilinx/Vitis/2023.2/base_platforms/xilinx_vck190_base_202320_1/hw/extracted/vitis_design_wrapper_0. XSA may not contain 'pdi_files' or the destination directory is read-only
INFO: [aiecompiler 55-2053] elapsed time for repository (/usr/xilinx/Vivado/2023.2/data/embeddedsw) loading 0 seconds
INFO: [aiecompiler 77-3354] ###[Finish]:  Reading in platform specification from /usr/xilinx/Vitis/2023.2/base_platforms/xilinx_vck190_base_202320_1/xilinx_vck190_base_202320_1.xpfm
INFO: [aiecompiler 21-403] Loading part xcvc1902-vsva2197-2MP-e-S
INFO: [aiecompiler 77-3379] Extracted physical device part from platform is : xcvc1902-vsva2197-2MP-e-S 
INFO: [aiecompiler 77-297] Cmd Line : /usr/xilinx/Vitis/2023.2/aietools/bin/unwrapped/lnx64.o/aiecompiler --config /media/4T/home/xianyijiang/block_single_300/Work/aie_hw.cfg 
INFO: [aiecompiler 77-404] Executing Cmd: ${XILINX_VITIS_AIETOOLS}/tps/lnx64/gcc/bin/g++ -E -std=c++17 -D__ADF_FRONTEND__ -D__AIE_ARCH__=10 -I/usr/xilinx/Vitis/2023.2/aietools/include  -I .  -I /usr/xilinx/Vitis/2023.2/aietools/include -I /media/4T/home/xianyijiang/block_single_300/./aie -I /media/4T/home/xianyijiang/block_single_300/./ /media/4T/home/xianyijiang/block_single_300/./aie/TopGraph.cpp > /media/4T/home/xianyijiang/block_single_300/./Work/temp/TopGraph.ii
INFO: [aiecompiler 77-404] Executing Cmd: graph_preprocessor /media/4T/home/xianyijiang/block_single_300/./Work/temp/TopGraph.ii -o /media/4T/home/xianyijiang/block_single_300/./Work/temp/TopGraph.processed.ii -report-core-dump  -- -std=c++17  -ftemplate-depth=2048  -Wno-return-stack-address  -Wno-missing-declarations  -Wno-parentheses-equality  -Wno-shift-negative-value  
INFO: [aiecompiler 77-404] Executing Cmd: ${XILINX_VITIS_AIETOOLS}/tps/lnx64/gcc/bin/g++  -std=c++17  -I .  /media/4T/home/xianyijiang/block_single_300/./Work/temp/TopGraph.processed.ii -o /media/4T/home/xianyijiang/block_single_300/./Work/temp/TopGraph.out -L /usr/xilinx/Vitis/2023.2/aietools/lib/lnx64.o -g -O0 -Wl,--unresolved-symbols=ignore-all  -Wno-return-stack-address  -Wno-missing-declarations  -lfxml_meir_frontend  -lfxml_adf_api_frontend 
INFO: [aiecompiler 77-404] Executing Cmd: /media/4T/home/xianyijiang/block_single_300/./Work/temp/TopGraph.out -I /usr/xilinx/Vitis/2023.2/aietools/include -I /media/4T/home/xianyijiang/block_single_300/./aie -I /media/4T/home/xianyijiang/block_single_300/./ -workdir=/media/4T/home/xianyijiang/block_single_300/./Work -aiearch=aie -log-level=2 --pl-axi-lite=0 --enable-multi-layer=0 --disable-dma-autostart=0 --enable-light-cdo=0 --large-program-memory=0
INFO: [aiecompiler 77-749] Reading logical device VC1902.json
Writing AI Engine constraints file '/media/4T/home/xianyijiang/block_single_300/./Work/temp/TopGraph_meir_constraints.json'
Reading constraints schema from /usr/xilinx/Vitis/2023.2/aietools/data/aietools_constr_schema.json
INFO: [aiecompiler 77-44894] Executing Cmd: aieir_be --time-passes=0  --disable-om-fifo-insertion=false  --logcfg-file=  --trace-plio-width=64  --pl-freq=450  --show-loggers=false  --fast-nonlinearfloats=false  --broadcast-enable-core=true  --high-performance=false  --kernel-address-location=false  --target=hw --swfifo-threshold=40  --single-mm2s-channel=false  --workdir=/media/4T/home/xianyijiang/block_single_300/./Work  --exit-after=complete  --event-trace-config=  --test-iterations=-1  --stacksize=1024  --known-tripcount=false  --platform=/usr/xilinx/Vitis/2023.2/base_platforms/xilinx_vck190_base_202320_1/xilinx_vck190_base_202320_1.xpfm  --event-trace-custom-config=  --output-archive=libadf.a  --write-partitioned-file=true  --schemafile=AIEGraphSchema.json  --disable-multirate=false  --include="/usr/xilinx/Vitis/2023.2/aietools/include" --include="/media/4T/home/xianyijiang/block_single_300/./aie" --include="/media/4T/home/xianyijiang/block_single_300/./" --fastmath=false  --event-trace-advanced-mapping=0  --lock-fence-mode=1  --enable-reconfig=false  --evaluate-fifo-depth=false  --gen-graph-cleanup=false  --use-canonical-net-names=false  --event-trace-port=gmio --use-phy-shim=true  --xlopt=0  --graph-iterator-event=false  --trace-aiesim-option=0  --mapped-soln-udm=  --optimize-pktids=false  --no-init=false  --adf-api-log-level=2  --num-trace-streams=16  --fast-floats=true  --quiet=false  --exec-timed=0  --Xchess="main:backend.mist2.xargs=-ggraph" --routed-soln-udm=  --large-kernel-program=false  --enable-profiling=false  --runtime-opt=true  --part=  --disable-transform-merge-broadcast=false  --verbose=true  --kernel-compile-replacement=  --event-trace-bounding-box=  --heapsize=1024  --logical-arch=  --enable-reconfig-dma-autostart=false  --nodot-graph=false  --disable-dma-autostart=false  --include-mem-tile=  --disable-transform-broadcast-split=true  --json=/media/4T/home/xianyijiang/block_single_300/./Work/temp/TopGraph.json
INFO: [aiecompiler 77-3355] ###[Start]: Reading in platform specification from /usr/xilinx/Vitis/2023.2/base_platforms/xilinx_vck190_base_202320_1/xilinx_vck190_base_202320_1.xpfm
INFO: [aiecompiler 55-2099] Unable to extract 'pdi_files' from /usr/xilinx/Vitis/2023.2/base_platforms/xilinx_vck190_base_202320_1/hw/hw.xsa to /usr/xilinx/Vitis/2023.2/base_platforms/xilinx_vck190_base_202320_1/hw/extracted/vitis_design_wrapper_0. XSA may not contain 'pdi_files' or the destination directory is read-only
INFO: [aiecompiler 55-2053] elapsed time for repository (/usr/xilinx/Vivado/2023.2/data/embeddedsw) loading 0 seconds
INFO: [aiecompiler 77-3354] ###[Finish]:  Reading in platform specification from /usr/xilinx/Vitis/2023.2/base_platforms/xilinx_vck190_base_202320_1/xilinx_vck190_base_202320_1.xpfm
INFO: [aiecompiler 21-403] Loading part xcvc1902-vsva2197-2MP-e-S
INFO: [aiecompiler 77-3379] Extracted physical device part from platform is : xcvc1902-vsva2197-2MP-e-S 
INFO: [aiecompiler 77-749] Reading logical device VC1902.json
INFO: [aiecompiler 77-750] Reading physical device xcvc1902-vsva2197-2MP-e-S
INFO: [aiecompiler 77-951] ###Start:Loading Device Part xcvc1902-vsva2197-2MP-e-S
INFO: [aiecompiler 77-950] ###Finish(0u 0s 0w):Loading Device Part xcvc1902-vsva2197-2MP-e-S
INFO: [aiecompiler 77-4400] Finish reading physical device xcvc1902-vsva2197-2MP-e-S
INFO: [aiecompiler 77-951] ###Start:Loading Device Part xcvc1902-vsva2197-2MP-e-S
INFO: [aiecompiler 77-950] ###Finish(0u 0s 0w):Loading Device Part xcvc1902-vsva2197-2MP-e-S
DEBUG:BuildIR:### Building AIEIr 
INFO: [aiecompiler 77-757] Opening input file: /media/4T/home/xianyijiang/block_single_300/./Work/temp/TopGraph.json
INFO: [aiecompiler 77-43940] Emitting AIEIr in file: /media/4T/home/xianyijiang/block_single_300/./Work/temp/TopGraph_aieir_dump.txt
DEBUG:BuildIR:### Done with  Building AIEIr 
INFO: [aiecompiler 77-656] Processing Graph 'root'
DEBUG:MultirateAnalysis:### Entering MULTIRATE ANALYSIS pass
INFO: [aiecompiler 77-5917] Repetition count for topStencil.core.hdiff[0] is 1.
INFO: [aiecompiler 77-5917] Repetition count for topStencil.core.hdiff[1] is 1.
INFO: [aiecompiler 77-5917] Repetition count for topStencil.core.hdiff[2] is 1.
INFO: [aiecompiler 77-5917] Repetition count for topStencil.core.hdiff[3] is 1.
INFO: [aiecompiler 77-5917] Repetition count for topStencil.core.hdiff[4] is 1.
INFO: [aiecompiler 77-5917] Repetition count for topStencil.core.hdiff[5] is 1.
INFO: [aiecompiler 77-5917] Repetition count for topStencil.core.hdiff[6] is 1.
INFO: [aiecompiler 77-5917] Repetition count for topStencil.core.hdiff[7] is 1.
INFO: [aiecompiler 77-5917] Repetition count for topStencil.core.hdiff[8] is 1.
INFO: [aiecompiler 77-5917] Repetition count for topStencil.core.hdiff[9] is 1.
INFO: [aiecompiler 77-5917] Repetition count for topStencil.core.hdiff[10] is 1.
INFO: [aiecompiler 77-5917] Repetition count for topStencil.core.hdiff[11] is 1.
INFO: [aiecompiler 77-5917] Repetition count for topStencil.core.hdiff[12] is 1.
INFO: [aiecompiler 77-5917] Repetition count for topStencil.core.hdiff[13] is 1.
INFO: [aiecompiler 77-5917] Repetition count for topStencil.core.hdiff[14] is 1.
INFO: [aiecompiler 77-5917] Repetition count for topStencil.core.hdiff[15] is 1.
INFO: [aiecompiler 77-5917] Repetition count for topStencil.core.hdiff[16] is 1.
INFO: [aiecompiler 77-5917] Repetition count for topStencil.core.hdiff[17] is 1.
INFO: [aiecompiler 77-5917] Repetition count for topStencil.core.hdiff[18] is 1.
INFO: [aiecompiler 77-5917] Repetition count for topStencil.core.hdiff[19] is 1.
INFO: [aiecompiler 77-5917] Repetition count for topStencil.core.hdiff[20] is 1.
INFO: [aiecompiler 77-5917] Repetition count for topStencil.core.hdiff[21] is 1.
INFO: [aiecompiler 77-5917] Repetition count for topStencil.core.hdiff[22] is 1.
INFO: [aiecompiler 77-5917] Repetition count for topStencil.core.hdiff[23] is 1.
INFO: [aiecompiler 77-5917] Repetition count for topStencil.core.hdiff[24] is 1.
INFO: [aiecompiler 77-5917] Repetition count for topStencil.core.hdiff[25] is 1.
INFO: [aiecompiler 77-5917] Repetition count for topStencil.core.hdiff[26] is 1.
INFO: [aiecompiler 77-5917] Repetition count for topStencil.core.hdiff[27] is 1.
INFO: [aiecompiler 77-5917] Repetition count for topStencil.core.hdiff[28] is 1.
INFO: [aiecompiler 77-5917] Repetition count for topStencil.core.hdiff[29] is 1.
INFO: [aiecompiler 77-5917] Repetition count for topStencil.core.hdiff[30] is 1.
INFO: [aiecompiler 77-5917] Repetition count for topStencil.core.hdiff[31] is 1.
INFO: [aiecompiler 77-5917] Repetition count for topStencil.core.hdiff[32] is 1.
INFO: [aiecompiler 77-5917] Repetition count for topStencil.core.hdiff[33] is 1.
INFO: [aiecompiler 77-5917] Repetition count for topStencil.core.hdiff[34] is 1.
INFO: [aiecompiler 77-5917] Repetition count for topStencil.core.hdiff[35] is 1.
INFO: [aiecompiler 77-5917] Repetition count for topStencil.core.hdiff[36] is 1.
INFO: [aiecompiler 77-5917] Repetition count for topStencil.core.hdiff[37] is 1.
INFO: [aiecompiler 77-5917] Repetition count for topStencil.core.hdiff[38] is 1.
INFO: [aiecompiler 77-5917] Repetition count for topStencil.core.hdiff[39] is 1.
INFO: [aiecompiler 77-5917] Repetition count for topStencil.core.hdiff[40] is 1.
INFO: [aiecompiler 77-5917] Repetition count for topStencil.core.hdiff[41] is 1.
INFO: [aiecompiler 77-5917] Repetition count for topStencil.core.hdiff[42] is 1.
INFO: [aiecompiler 77-5917] Repetition count for topStencil.core.hdiff[43] is 1.
INFO: [aiecompiler 77-5917] Repetition count for topStencil.core.hdiff[44] is 1.
INFO: [aiecompiler 77-5917] Repetition count for topStencil.core.hdiff[45] is 1.
INFO: [aiecompiler 77-5917] Repetition count for topStencil.core.hdiff[46] is 1.
INFO: [aiecompiler 77-5917] Repetition count for topStencil.core.hdiff[47] is 1.
INFO: [aiecompiler 77-5917] Repetition count for topStencil.core.hdiff[48] is 1.
INFO: [aiecompiler 77-5917] Repetition count for topStencil.core.hdiff[49] is 1.
INFO: [aiecompiler 77-5917] Repetition count for topStencil.core.hdiff[50] is 1.
INFO: [aiecompiler 77-5917] Repetition count for topStencil.core.hdiff[51] is 1.
INFO: [aiecompiler 77-5917] Repetition count for topStencil.core.hdiff[52] is 1.
INFO: [aiecompiler 77-5917] Repetition count for topStencil.core.hdiff[53] is 1.
INFO: [aiecompiler 77-5917] Repetition count for topStencil.core.hdiff[54] is 1.
INFO: [aiecompiler 77-5917] Repetition count for topStencil.core.hdiff[55] is 1.
INFO: [aiecompiler 77-5917] Repetition count for topStencil.core.hdiff[56] is 1.
INFO: [aiecompiler 77-5917] Repetition count for topStencil.core.hdiff[57] is 1.
INFO: [aiecompiler 77-5917] Repetition count for topStencil.core.hdiff[58] is 1.
INFO: [aiecompiler 77-5917] Repetition count for topStencil.core.hdiff[59] is 1.
INFO: [aiecompiler 77-5917] Repetition count for topStencil.core.hdiff[60] is 1.
INFO: [aiecompiler 77-5917] Repetition count for topStencil.core.hdiff[61] is 1.
INFO: [aiecompiler 77-5917] Repetition count for topStencil.core.hdiff[62] is 1.
INFO: [aiecompiler 77-5917] Repetition count for topStencil.core.hdiff[63] is 1.
INFO: [aiecompiler 77-5917] Repetition count for topStencil.core.hdiff[64] is 1.
INFO: [aiecompiler 77-5917] Repetition count for topStencil.core.hdiff[65] is 1.
INFO: [aiecompiler 77-5917] Repetition count for topStencil.core.hdiff[66] is 1.
INFO: [aiecompiler 77-5917] Repetition count for topStencil.core.hdiff[67] is 1.
INFO: [aiecompiler 77-5917] Repetition count for topStencil.core.hdiff[68] is 1.
INFO: [aiecompiler 77-5917] Repetition count for topStencil.core.hdiff[69] is 1.
INFO: [aiecompiler 77-5917] Repetition count for topStencil.core.hdiff[70] is 1.
INFO: [aiecompiler 77-5917] Repetition count for topStencil.core.hdiff[71] is 1.
INFO: [aiecompiler 77-5917] Repetition count for topStencil.core.hdiff[72] is 1.
INFO: [aiecompiler 77-5917] Repetition count for topStencil.core.hdiff[73] is 1.
INFO: [aiecompiler 77-5917] Repetition count for topStencil.core.hdiff[74] is 1.
INFO: [aiecompiler 77-5917] Repetition count for topStencil.core.hdiff[75] is 1.
INFO: [aiecompiler 77-5917] Repetition count for topStencil.core.hdiff[76] is 1.
INFO: [aiecompiler 77-5917] Repetition count for topStencil.core.hdiff[79] is 1.
INFO: [aiecompiler 77-5917] Repetition count for topStencil.core.hdiff[80] is 1.
INFO: [aiecompiler 77-5917] Repetition count for topStencil.core.hdiff[81] is 1.
INFO: [aiecompiler 77-5917] Repetition count for topStencil.core.hdiff[82] is 1.
INFO: [aiecompiler 77-5917] Repetition count for topStencil.core.hdiff[83] is 1.
INFO: [aiecompiler 77-5917] Repetition count for topStencil.core.hdiff[84] is 1.
INFO: [aiecompiler 77-5917] Repetition count for topStencil.core.hdiff[87] is 1.
INFO: [aiecompiler 77-5917] Repetition count for topStencil.core.hdiff[88] is 1.
INFO: [aiecompiler 77-5917] Repetition count for topStencil.core.hdiff[85] is 1.
INFO: [aiecompiler 77-5917] Repetition count for topStencil.core.hdiff[86] is 1.
INFO: [aiecompiler 77-5917] Repetition count for topStencil.core.hdiff[89] is 1.
INFO: [aiecompiler 77-5917] Repetition count for topStencil.core.hdiff[90] is 1.
INFO: [aiecompiler 77-5917] Repetition count for topStencil.core.hdiff[91] is 1.
INFO: [aiecompiler 77-5917] Repetition count for topStencil.core.hdiff[92] is 1.
INFO: [aiecompiler 77-5917] Repetition count for topStencil.core.hdiff[93] is 1.
INFO: [aiecompiler 77-5917] Repetition count for topStencil.core.hdiff[94] is 1.
INFO: [aiecompiler 77-5917] Repetition count for topStencil.core.hdiff[77] is 1.
INFO: [aiecompiler 77-5917] Repetition count for topStencil.core.hdiff[78] is 1.
INFO: [aiecompiler 77-5917] Repetition count for topStencil.core.hdiff[95] is 1.
INFO: [aiecompiler 77-5917] Repetition count for topStencil.core.hdiff[96] is 1.
INFO: [aiecompiler 77-5917] Repetition count for topStencil.core.hdiff[97] is 1.
INFO: [aiecompiler 77-5917] Repetition count for topStencil.core.hdiff[98] is 1.
INFO: [aiecompiler 77-5917] Repetition count for topStencil.core.hdiff[99] is 1.
INFO: [aiecompiler 17-14] Message 'aiecompiler 77-5917' appears 100 times and further instances of the messages will be disabled. Use the Tcl command set_msg_config to change the current settings.
DEBUG:MultirateAnalysis:### Completing MULTIRATE ANALYSIS pass
DEBUG:TransformIR:### Performing AIEIr transformations on graph 'root'
DEBUG:TransformIR:### Done with  AIEIr transformations
DEBUG:ConstraintsProcessor:###Entering Constraints Processor Phase
DEBUG:ConstraintsProcessor:###Reading Constraints From JSON File /media/4T/home/xianyijiang/block_single_300/./Work/temp/TopGraph_meir_constraints.json
DEBUG:ConstraintsProcessor:###Done Constraints Processor Phase
DEBUG:AIEngineDrc:###Enter: DRC Phase
INFO: [aiecompiler 77-43929] DRC Results: 0 Errors
DEBUG:AIEngineDrc:###Exit: DRC Phase
DEBUG:MapperPartitioner:###Entering Mapper Partitioning Phase
INFO: [aiecompiler 77-281] ###Writing Partition Data To JSON File /media/4T/home/xianyijiang/block_single_300/./Work/temp/TopGraph_partition.json
DEBUG:MapperPartitioner:###Done Mapper Partitioning Phase (1.720000 secs)
DEBUG:AIEngineUDMData:###Enter: UDM Data Phase
###Start:Translating MeIr Netlist To UDM Netlist
###Finish(0.12u 0s 0.12w):Translating AIEIr Netlist To UDM Netlist.
###Start:Translating Complete AIEIr Netlist To UDM Netlist
###Finish(0.06u 0s 0.06w):Translating Complete AIEIr Netlist To UDM Netlist
###Start:Creating Floorplan...
INFO: [aiecompiler 18-6359] No Clock Expansion Window constraints config file entry for device xcvc1902.  GCLK Deskew mode will be Off and cannot be enabled via GCLK_DESKEW override.
INFO: [aiecompiler 18-5720] The default GCLK Deskew mode is Off.
###Finish(1.06u 0.04s 1.12w):Creating Floorplan...
###Start:Translating Constraints..
###Finish(0u 0s 0w):Translating Constraints..
###Start:Translating Constraints..
###Finish(0.02u 0s 0.02w):Translating Constraints..
DEBUG:AIEngineUDMData:###Exit: UDM Data Phase
DEBUG:AIEnginePartitionSolutionAnnotator:###Entering Partition Solution Annotator Phase
DEBUG:AIEnginePartitionSolutionAnnotator:####### Start Annotating UDM Solution After Partitioning
DEBUG:AIEngineUDMData:###Start:Writing Complete UDM Netlist To File /media/4T/home/xianyijiang/block_single_300/./Work/temp/TopGraph_aie_full_netlist.aiexn
DEBUG:AIEngineUDMData:###Finish:Writing Complete UDM Netlist To File /media/4T/home/xianyijiang/block_single_300/./Work/temp/TopGraph_aie_full_netlist.aiexn
DEBUG:AIEnginePartitionSolutionAnnotator:####### Finish Annotating UDM Solution After Partition
DEBUG:AIEnginePartitionSolutionAnnotator:###Done Partition Solution Annotator Phase
DEBUG:PostPartitionDrc:###Enter: Post Partition DRC Phase
INFO: [aiecompiler 77-43966] Post Partition DRC Results: 0 Errors
DEBUG:PostPartitionDrc:###Exit: Post Partition DRC Phase
DEBUG:AIEngineDesignAnalyzer:###Enter: Design Analyzer Phase
DEBUG:AIEngineDesignAnalyzer:Insert FIFO
DEBUG:AIEngineDesignAnalyzer:Adding Core local memory colocation constraints
DEBUG:AIEngineDesignAnalyzer:###Exit: Design Analyzer Phase Finished Successfully
DEBUG:AIEngineUDMPlacer:###Enter: UDM Mapper Phase
DEBUG:AIEngineUDMPlacer:###Start: Running UDM Placer
DEBUG:AIEngineUDMPlacer:###Writing Pre-mapped solDB To JSON File /media/4T/home/xianyijiang/block_single_300/./Work/temp/TopGraph_aie_premapped.aiesol
DEBUG:AIEngineUDMPlacer:###Writing Placer Constraints To JSON File /media/4T/home/xianyijiang/block_single_300/./Work/temp/TopGraph_aie_constraints_for_placer.aiecst
Writing AI Engine constraints file '/media/4T/home/xianyijiang/block_single_300/./Work/temp/TopGraph_aie_constraints_for_placer.aiecst'
Reading constraints schema from /usr/xilinx/Vitis/2023.2/aietools/data/aietools_constr_schema.json
Check AIE-PRE-MAPPER has run: 0 errors
AIE Mapper Partitioner succeeded.
INFO: [aiecompiler 47-778] Running Pass 1 of AIE Mapper.
INFO: [aiecompiler 47-777] Running Global placer
WARNING: [aiecompiler 47-1265] Placer was unable to find a solution for the problem. Please check constraints and area groups to see if any any of them may be infeasible.
INFO: [aiecompiler 47-778] Running Pass 2 of AIE Mapper.
INFO: [aiecompiler 47-777] Running Global placer
ERROR: [aiecompiler 47-1292] Unable to place merge node topStencil.in_merge_last_bcast.
INFO: [aiecompiler 77-44881] Run completed. Find additional information in:
	Guidance: /media/4T/home/xianyijiang/block_single_300/./Work/reports/guidance.html

INFO: [aiecompiler 77-44882] Use the vitis_analyzer tool to visualize and navigate the relevant reports. Run: 
	vitis_analyzer /media/4T/home/xianyijiang/block_single_300/./Work/TopGraph.aiecompile_summary

Compilation Failed
(WARNING:1, CRITICAL-WARNING:0, ERROR:1)
